<?xml version="1.0" encoding="UTF-8"?>
<!-- Generated by org.testng.reporters.JUnitXMLReporter -->
<testsuite ignored="0" hostname="HbpSoft" failures="0" tests="9" name="Default test" time="76.941" errors="0" timestamp="2024-03-12T10:37:56 IST">
  <testcase classname="com.test.Code4humanity.Competition" name="Launch" time="2.154"/>
  <testcase classname="com.test.Code4humanity.Competition" name="Login" time="19.815"/>
  <testcase classname="com.test.Code4humanity.Competition" name="Hostcompetition" time="8.694"/>
  <testcase classname="com.test.Code4humanity.Competition" name="competionName" time="4.539"/>
  <testcase classname="com.test.Code4humanity.Competition" name="Description" time="4.567"/>
  <testcase classname="com.test.Code4humanity.Competition" name="Pipeline" time="9.003"/>
  <testcase classname="com.test.Code4humanity.Competition" name="uploadfile" time="3.444"/>
  <testcase classname="com.test.Code4humanity.Competition" name="save" time="7.397"/>
  <testcase classname="com.test.Code4humanity.Competition" name="deleteDataset" time="16.522"/>
</testsuite> <!-- Default test -->
